<?xml version="1.0" encoding="UTF-8"?>
<testsuite name="runner.basic" tests="1" skipped="0" failures="0" errors="0" timestamp="2019-08-21T13:25:15" hostname="SSAHMDTL03503" time="7.845">
  <properties/>
  <testcase name="test" classname="runner.basic" time="7.845"/>
  <system-out><![CDATA[]]></system-out>
  <system-err><![CDATA[Starting ChromeDriver 76.0.3809.126 (d80a294506b4c9d18015e755cee48f953ddc3f2f-refs/branch-heads/3809@{#1024}) on port 3085
Only local connections are allowed.
Please protect ports used by ChromeDriver and related test frameworks to prevent access by malicious code.
Aug 21, 2019 6:55:15 PM org.openqa.selenium.remote.ProtocolHandshake createSession
INFO: Detected dialect: W3C
]]></system-err>
</testsuite>
